2025-05-23 08:22:00 | WARN | repo=pv243-javaee-7 | action=commit
2025-08-06 14:25:00 | DEBUG | repo=pv243-javaee-7 | action=commit
2025-04-01 08:27:00 | DEBUG | repo=pv243-javaee-7 | action=commit
2025-09-09 07:42:00 | WARN | repo=pv243-javaee-7 | action=commit
2025-04-19 08:19:00 | DEBUG | repo=pv243-javaee-7 | action=pull
2025-11-21 09:46:00 | INFO | repo=pv243-javaee-7 | action=edit | files=5
2025-12-04 18:42:00 | WARN | repo=pv243-javaee-7 | action=commit
2025-03-27 11:44:00 | DEBUG | repo=pv243-javaee-7 | action=edit | files=5
2025-03-22 18:07:00 | DEBUG | repo=pv243-javaee-7 | action=commit
2025-08-05 20:50:00 | WARN | repo=pv243-javaee-7 | action=commit
2025-01-22 07:11:00 | WARN | repo=pv243-javaee-7 | action=commit
2025-08-18 16:40:00 | WARN | repo=pv243-javaee-7 | action=commit
2025-03-11 20:44:00 | WARN | repo=pv243-javaee-7 | action=commit
2025-10-07 19:43:00 | DEBUG | repo=pv243-javaee-7 | action=pull
2025-12-28 13:46:00 | DEBUG | repo=pv243-javaee-7 | action=commit
2025-07-25 10:01:00 | DEBUG | repo=pv243-javaee-7 | action=pull
2025-05-17 20:36:00 | INFO | repo=pv243-javaee-7 | action=commit
2025-02-06 11:20:00 | DEBUG | repo=pv243-javaee-7 | action=test | passed=true
2025-11-18 12:34:00 | INFO | repo=pv243-javaee-7 | action=edit | files=2
2025-06-25 07:30:00 | INFO | repo=pv243-javaee-7 | action=edit | files=1
2025-12-28 11:44:00 | WARN | repo=pv243-javaee-7 | action=edit | files=1
2025-05-25 17:11:00 | WARN | repo=pv243-javaee-7 | action=test | passed=true
2025-05-21 19:16:00 | DEBUG | repo=pv243-javaee-7 | action=commit
